\BOOKMARK [0][-]{chapter.1}{Introdu\347\343o}{}% 1
\BOOKMARK [1][-]{section.1.1}{Apresenta\347\343o do problema}{chapter.1}% 2
\BOOKMARK [1][-]{section.1.2}{Objetivos do estudo}{chapter.1}% 3
\BOOKMARK [1][-]{section.1.3}{Justificativa}{chapter.1}% 4
\BOOKMARK [1][-]{section.1.4}{Revis\343o de Literatura}{chapter.1}% 5
\BOOKMARK [2][-]{subsection.1.4.1}{Conceitos de matem\341tica financeira}{section.1.4}% 6
\BOOKMARK [2][-]{subsection.1.4.2}{Import\342ncia do fluxo de caixa na gest\343o financeira}{section.1.4}% 7
\BOOKMARK [2][-]{subsection.1.4.3}{M\351todos de an\341lise de fluxo de caixa}{section.1.4}% 8
\BOOKMARK [2][-]{subsection.1.4.4}{Rela\347\343o entre contabilidade financeira e fluxo de caixa}{section.1.4}% 9
\BOOKMARK [0][-]{chapter.2}{Metodologia}{}% 10
\BOOKMARK [1][-]{section.2.1}{Descri\347\343o da metodologia de pesquisa}{chapter.2}% 11
\BOOKMARK [1][-]{section.2.2}{Coleta de dados}{chapter.2}% 12
\BOOKMARK [1][-]{section.2.3}{An\341lise de dados}{chapter.2}% 13
\BOOKMARK [0][-]{chapter.3}{Anal\355se}{}% 14
\BOOKMARK [1][-]{section.3.1}{Estudo de Caso}{chapter.3}% 15
\BOOKMARK [2][-]{subsection.3.1.1}{Aplica\347\343o dos conceitos em um caso real de uma empresa}{section.3.1}% 16
\BOOKMARK [2][-]{subsection.3.1.2}{An\341lise do fluxo de caixa e sua rela\347\343o com o desempenho financeiro}{section.3.1}% 17
\BOOKMARK [0][-]{chapter.4}{Conclus\343o}{}% 18
\BOOKMARK [1][-]{section.4.1}{Considera\347\365es Finais}{chapter.4}% 19
\BOOKMARK [2][-]{subsection.4.1.1}{Resumo das principais conclus\365es}{section.4.1}% 20
\BOOKMARK [2][-]{subsection.4.1.2}{Sugest\365es para futuras pesquisas}{section.4.1}% 21
