\BOOKMARK [1][-]{section.1}{\376\377\000Q\000u\000e\000s\000t\000\343\000o\000\040\0003\0001\000\040\000-\000\040\000L\000e\000i\000\040\000d\000a\000\040\000I\000n\000\351\000r\000c\000i\000a}{}% 1
\BOOKMARK [1][-]{section.2}{\376\377\000Q\000u\000e\000s\000t\000\343\000o\000\040\0003\0002\000\040\000-\000\040\0002\000\040\000L\000e\000i\000\040\000d\000e\000\040\000N\000e\000w\000t\000o\000n}{}% 2
\BOOKMARK [1][-]{section.3}{\376\377\000Q\000u\000e\000s\000t\000\343\000o\000\040\0003\0003\000\040\000-\000\040\000F\000o\000r\000c\000a\000\040\000d\000e\000\040\000a\000t\000r\000i\000t\000o\000\040\000n\000o\000\040\000p\000l\000a\000n\000o\000\040\000i\000n\000c\000l\000i\000n\000a\000d\000o\000\040\000c\000o\000m\000\040\000a\000t\000r\000i\000t\000o}{}% 3
\BOOKMARK [1][-]{section.4}{\376\377\000Q\000u\000e\000s\000t\000\343\000o\000\040\0003\0004\000\040\000-\000\040\000E\000n\000e\000r\000g\000i\000a\000\040\000p\000o\000t\000e\000n\000c\000i\000a\000l\000\040\000g\000r\000a\000v\000i\000t\000a\000c\000i\000o\000n\000a\000l\000\040\000e\000\040\000e\000n\000e\000r\000g\000i\000a\000\040\000m\000e\000c\000\342\000n\000i\000c\000a}{}% 4
\BOOKMARK [1][-]{section.5}{\376\377\000Q\000u\000e\000s\000t\000\343\000o\000\040\0003\0005\000\040\000-\000\040\000C\000o\000n\000s\000e\000r\000v\000a\000\347\000\343\000o\000\040\000d\000o\000\040\000m\000o\000m\000e\000n\000t\000o\000\040\000l\000i\000n\000e\000a\000r\000/\000e\000n\000e\000r\000g\000i\000a}{}% 5
\BOOKMARK [1][-]{section.6}{\376\377\000Q\000u\000e\000s\000t\000\343\000o\000\040\0003\0006\000\040\000-\000\040\000C\000o\000n\000s\000e\000r\000v\000a\000\347\000\343\000o\000\040\000M\000o\000m\000e\000n\000t\000o\000\040\000A\000n\000g\000u\000l\000a\000r}{}% 6
\BOOKMARK [1][-]{section.7}{\376\377\000Q\000u\000e\000s\000t\000\343\000o\000\040\0003\0007\000\040\000-\000\040\000A\000s\000t\000r\000\364\000n\000o\000m\000i\000a}{}% 7
\BOOKMARK [1][-]{section.8}{\376\377\000Q\000u\000e\000s\000t\000\343\000o\000\040\0003\0008\000\040\000-\000\040\000L\000e\000i\000\040\000d\000a\000\040\000G\000r\000a\000v\000i\000t\000a\000\347\000\343\000o\000\040\000U\000n\000i\000v\000e\000r\000s\000a\000l}{}% 8
\BOOKMARK [1][-]{section.9}{\376\377\000Q\000u\000e\000s\000t\000\343\000o\000\040\0003\0009\000\040\000-\000\040\000L\000e\000i\000\040\000d\000a\000\040\000G\000r\000a\000v\000i\000t\000a\000\347\000\343\000o\000\040\000U\000n\000i\000v\000e\000r\000s\000a\000l}{}% 9
\BOOKMARK [1][-]{section.10}{\376\377\000Q\000u\000e\000s\000t\000\343\000o\000\040\0004\0000\000\040\000-\000\040\000T\000e\000r\000m\000o\000d\000i\000n\000\342\000m\000i\000c\000a\000:\000\040\000F\000u\000n\000\347\000\365\000e\000s\000\040\000d\000e\000\040\000E\000s\000t\000a\000d\000o}{}% 10
\BOOKMARK [1][-]{section.11}{\376\377\000Q\000u\000e\000s\000t\000\343\000o\000\040\0004\0001\000\040\000-\000\040\000L\000e\000i\000\040\000d\000a\000\040\000T\000e\000r\000m\000o\000d\000i\000n\000\342\000m\000i\000c\000a\000:\000\040\000C\000a\000r\000n\000o\000t}{}% 11
\BOOKMARK [1][-]{section.12}{\376\377\000Q\000u\000e\000s\000t\000\343\000o\000\040\0004\0002\000\040\000-\000\040\0002\000\040\000L\000e\000i\000\040\000d\000a\000\040\000T\000e\000r\000m\000o\000d\000i\000n\000\342\000m\000i\000c\000a\000:\000\040\000E\000n\000t\000r\000o\000p\000i\000a}{}% 12
\BOOKMARK [1][-]{section.13}{\376\377\000Q\000u\000e\000s\000t\000\343\000o\000\040\0004\0003\000\040\000-\000\040\000F\000i\000l\000m\000e\000s\000\040\000F\000i\000n\000o\000s}{}% 13
\BOOKMARK [1][-]{section.14}{\376\377\000Q\000u\000e\000s\000t\000\343\000o\000\040\0004\0004\000\040\000-\000\040\000D\000i\000f\000r\000a\000\347\000\343\000o\000\040\000d\000e\000\040\000u\000m\000\040\000f\000e\000i\000x\000e\000\040\000d\000e\000\040\000l\000u\000z\000\040\000l\000a\000s\000e\000r}{}% 14
\BOOKMARK [1][-]{section.15}{\376\377\000Q\000u\000e\000s\000t\000\343\000o\000\040\0004\0002\000\040\000-\000\040\000R\000e\000d\000e\000\040\000d\000e\000\040\000D\000i\000f\000r\000a\000\347\000\343\000o}{}% 15
\BOOKMARK [1][-]{section.16}{\376\377\000Q\000u\000e\000s\000t\000\343\000o\000\040\0004\0006\000\040\000-\000\040\000O\000n\000d\000a\000s\000\040\000E\000s\000t\000a\000c\000i\000o\000n\000\341\000r\000i\000a}{}% 16
\BOOKMARK [1][-]{section.17}{\376\377\000Q\000u\000e\000s\000t\000\343\000o\000\040\0004\0007\000\040\000-\000\040\000O\000n\000d\000a\000s\000\040\000S\000o\000n\000o\000r\000a\000s}{}% 17
\BOOKMARK [1][-]{section.18}{\376\377\000Q\000u\000e\000s\000t\000\343\000o\000\040\0004\0008\000\040\000-\000\040\000P\000\352\000n\000d\000u\000l\000o\000\040\000S\000i\000m\000p\000l\000e\000s}{}% 18
\BOOKMARK [1][-]{section.19}{\376\377\000Q\000u\000e\000s\000t\000\343\000o\000\040\0004\0009\000\040\000-\000\040\000C\000a\000m\000p\000o\000\040\000e\000l\000\351\000t\000r\000i\000c\000o\000\040\000i\000n\000d\000u\000z\000i\000d\000o\000\040\000p\000o\000r\000\040\000u\000m\000a\000\040\000o\000n\000d\000a\000\040\000e\000l\000e\000t\000r\000o\000m\000a\000g\000n\000\351\000t\000i\000c\000a}{}% 19
\BOOKMARK [1][-]{section.20}{\376\377\000Q\000u\000e\000s\000t\000\343\000o\000\040\0005\0000\000\040\000-\000\040\000L\000e\000i\000\040\000d\000e\000\040\000G\000a\000u\000s\000s\000\040\000p\000a\000r\000a\000\040\000d\000i\000e\000l\000\351\000t\000r\000i\000c\000o\000s\000\040\000h\000o\000m\000o\000g\000\352\000n\000e\000o\000s}{}% 20
\BOOKMARK [1][-]{section.21}{\376\377\000Q\000u\000e\000s\000t\000\343\000o\000\040\0005\0001\000\040\000-\000\040\000L\000e\000i\000\040\000d\000e\000\040\000S\000t\000e\000f\000a\000n\040\023\000B\000o\000l\000t\000z\000m\000a\000n\000n}{}% 21
\BOOKMARK [1][-]{section.22}{\376\377\000Q\000u\000e\000s\000t\000\343\000o\000\040\0005\0002\000\040\000-\000\040\000T\000e\000m\000p\000e\000r\000a\000t\000u\000r\000a\000\040\000d\000e\000\040\000u\000m\000\040\000c\000o\000r\000p\000o\000\040\000n\000e\000g\000r\000o\000\040\000u\000s\000a\000n\000d\000o\000\040\000a\000\040\000l\000e\000i\000\040\000d\000e\000\040\000W\000i\000e\000n}{}% 22
\BOOKMARK [1][-]{section.23}{\376\377\000Q\000u\000e\000s\000t\000\343\000o\000\040\0005\0003\000\040\000-\000\040\000E\000f\000e\000i\000t\000o\000\040\000f\000o\000t\000o\000e\000l\000\351\000t\000r\000i\000c\000o}{}% 23
\BOOKMARK [1][-]{section.24}{\376\377\000Q\000u\000e\000s\000t\000\343\000o\000\040\0005\0004\000\040\000-\000\040\000E\000f\000e\000i\000t\000o\000\040\000f\000o\000t\000o\000e\000l\000\351\000t\000r\000i\000c\000o}{}% 24
\BOOKMARK [1][-]{section.25}{\376\377\000Q\000u\000e\000s\000t\000\343\000o\000\040\0005\0005\000\040\000-\000\040\000E\000f\000e\000i\000t\000o\000\040\000C\000o\000m\000p\000t\000o\000n}{}% 25
\BOOKMARK [1][-]{section.26}{\376\377\000Q\000u\000e\000s\000t\000\343\000o\000\040\0005\0006\000\040\000-\000\040\000E\000f\000e\000i\000t\000o\000\040\000C\000o\000m\000p\000t\000o\000n}{}% 26
\BOOKMARK [1][-]{section.27}{\376\377\000Q\000u\000e\000s\000t\000\343\000o\000\040\0005\0007\000\040\000-\000\040\000E\000n\000e\000r\000g\000i\000a\000\040\000t\000o\000t\000a\000l\000\040\000r\000e\000l\000a\000t\000i\000v\000\355\000s\000t\000i\000c\000a\000\040\000d\000o\000\040\000e\000l\000\351\000t\000r\000o\000n}{}% 27
\BOOKMARK [1][-]{section.28}{\376\377\000Q\000u\000e\000s\000t\000\343\000o\000\040\0005\0008\000\040\000-\000\040\000R\000e\000l\000a\000t\000i\000v\000i\000d\000a\000d\000e\000\040\000d\000e\000\040\000u\000m\000a\000\040\000n\000a\000v\000e\000\040\000e\000s\000p\000a\000c\000i\000a\000l}{}% 28
\BOOKMARK [1][-]{section.29}{\376\377\000Q\000u\000e\000s\000t\000\343\000o\000\040\0005\0009\000\040\000-\000\040\000R\000a\000d\000i\000o\000a\000t\000i\000v\000i\000d\000a\000d\000e}{}% 29
\BOOKMARK [1][-]{section.30}{\376\377\000Q\000u\000e\000s\000t\000\343\000o\000\040\0006\0000\000\040\000-\000\040\000R\000a\000d\000i\000o\000a\000t\000i\000v\000i\000d\000a\000d\000e}{}% 30
