\BOOKMARK [1][-]{section.1}{Introdu\347\343o}{}% 1
\BOOKMARK [2][-]{subsection.1.1}{Apresenta\347\343o do problema}{section.1}% 2
\BOOKMARK [2][-]{subsection.1.2}{Objetivos do estudo}{section.1}% 3
\BOOKMARK [2][-]{subsection.1.3}{Justificativa}{section.1}% 4
\BOOKMARK [1][-]{section.2}{Revis\343o de Literatura}{}% 5
\BOOKMARK [2][-]{subsection.2.1}{Conceitos de matem\341tica financeira}{section.2}% 6
\BOOKMARK [2][-]{subsection.2.2}{Import\342ncia do fluxo de caixa na gest\343o financeira}{section.2}% 7
\BOOKMARK [2][-]{subsection.2.3}{M\351todos de an\341lise de fluxo de caixa}{section.2}% 8
\BOOKMARK [2][-]{subsection.2.4}{Rela\347\343o entre contabilidade financeira e fluxo de caixa}{section.2}% 9
\BOOKMARK [1][-]{section.3}{Metodologia}{}% 10
\BOOKMARK [2][-]{subsection.3.1}{Descri\347\343o da metodologia de pesquisa}{section.3}% 11
\BOOKMARK [2][-]{subsection.3.2}{Coleta de dados}{section.3}% 12
\BOOKMARK [2][-]{subsection.3.3}{An\341lise de dados}{section.3}% 13
\BOOKMARK [1][-]{section.4}{Fluxo de Caixa: Teoria e Pr\341tica}{}% 14
\BOOKMARK [2][-]{subsection.4.1}{Elabora\347\343o de um fluxo de caixa}{section.4}% 15
\BOOKMARK [2][-]{subsection.4.2}{Demonstra\347\343o de como registrar transa\347\365es financeiras}{section.4}% 16
\BOOKMARK [2][-]{subsection.4.3}{Exemplos pr\341ticos de c\341lculos financeiros}{section.4}% 17
\BOOKMARK [1][-]{section.5}{An\341lise do Fluxo de Caixa Empresarial}{}% 18
\BOOKMARK [2][-]{subsection.5.1}{Interpreta\347\343o das demonstra\347\365es de fluxo de caixa}{section.5}% 19
\BOOKMARK [2][-]{subsection.5.2}{Identifica\347\343o de tend\352ncias financeiras}{section.5}% 20
\BOOKMARK [2][-]{subsection.5.3}{Tomada de decis\365es com base nas informa\347\365es do fluxo de caixa}{section.5}% 21
\BOOKMARK [1][-]{section.6}{Integra\347\343o com Contabilidade Financeira}{}% 22
\BOOKMARK [2][-]{subsection.6.1}{Rela\347\343o entre o balan\347o patrimonial e o fluxo de caixa}{section.6}% 23
\BOOKMARK [2][-]{subsection.6.2}{Demonstra\347\343o do resultado do exerc\355cio \(DRE\) e o fluxo de caixa}{section.6}% 24
\BOOKMARK [2][-]{subsection.6.3}{Como a contabilidade financeira influencia o fluxo de caixa}{section.6}% 25
\BOOKMARK [1][-]{section.7}{Estudo de Caso}{}% 26
\BOOKMARK [2][-]{subsection.7.1}{Aplica\347\343o dos conceitos em um caso real de uma empresa}{section.7}% 27
\BOOKMARK [2][-]{subsection.7.2}{An\341lise do fluxo de caixa e sua rela\347\343o com o desempenho financeiro}{section.7}% 28
\BOOKMARK [1][-]{section.8}{Considera\347\365es Finais}{}% 29
\BOOKMARK [2][-]{subsection.8.1}{Resumo das principais conclus\365es}{section.8}% 30
\BOOKMARK [2][-]{subsection.8.2}{Sugest\365es para futuras pesquisas}{section.8}% 31
