\BOOKMARK [1][-]{section.1}{\376\377\000C\000i\000n\000e\000m\000\341\000t\000i\000c\000a\000\040\000E\000s\000c\000a\000l\000a\000r\000\040\000e\000\040\000V\000e\000t\000o\000r\000i\000a\000l}{}% 1
\BOOKMARK [1][-]{section.2}{\376\377\000C\000o\000n\000c\000e\000i\000t\000o\000s\000\040\000F\000u\000n\000d\000a\000m\000e\000n\000t\000a\000i\000s}{}% 2
\BOOKMARK [1][-]{section.3}{\376\377\000C\000i\000n\000e\000m\000\341\000t\000i\000c\000a\000\040\000E\000s\000c\000a\000l\000a\000r\000\040\000\050\0001\000D\000\051}{}% 3
\BOOKMARK [1][-]{section.4}{\376\377\000M\000o\000v\000i\000m\000e\000n\000t\000o\000\040\000R\000e\000t\000i\000l\000\355\000n\000e\000o\000\040\000U\000n\000i\000f\000o\000r\000m\000e\000\040\000\050\000M\000R\000U\000\051}{}% 4
\BOOKMARK [1][-]{section.5}{\376\377\000M\000o\000v\000i\000m\000e\000n\000t\000o\000\040\000R\000e\000t\000i\000l\000\355\000n\000e\000o\000\040\000U\000n\000i\000f\000o\000r\000m\000e\000m\000e\000n\000t\000e\000\040\000V\000a\000r\000i\000a\000d\000o\000\040\000\050\000M\000R\000U\000V\000\051}{}% 5
\BOOKMARK [1][-]{section.6}{\376\377\000C\000i\000n\000e\000m\000\341\000t\000i\000c\000a\000\040\000V\000e\000t\000o\000r\000i\000a\000l\000\040\000\050\0002\000D\000\040\000e\000\040\0003\000D\000\051}{}% 6
\BOOKMARK [1][-]{section.7}{\376\377\000L\000a\000n\000\347\000a\000m\000e\000n\000t\000o\000\040\000O\000b\000l\000\355\000q\000u\000o}{}% 7
\BOOKMARK [1][-]{section.8}{\376\377\000G\000r\000\341\000f\000i\000c\000o\000s}{}% 8
\BOOKMARK [1][-]{section.9}{\376\377\000T\000i\000p\000o\000s\000\040\000d\000e\000\040\000M\000o\000v\000i\000m\000e\000n\000t\000o}{}% 9
\BOOKMARK [1][-]{section.10}{\376\377\000E\000s\000t\000\341\000t\000i\000c\000a\000\040\000e\000\040\000D\000i\000n\000\342\000m\000i\000c\000a}{}% 10
\BOOKMARK [1][-]{section.11}{\376\377\000C\000o\000n\000c\000e\000i\000t\000o\000s\000\040\000F\000u\000n\000d\000a\000m\000e\000n\000t\000a\000i\000s}{}% 11
\BOOKMARK [1][-]{section.12}{\376\377\000E\000q\000u\000i\000l\000\355\000b\000r\000i\000o\000\040\000d\000o\000\040\000C\000o\000r\000p\000o\000\040\000R\000\355\000g\000i\000d\000o\000\040\000e\000\040\000d\000a\000\040\000P\000a\000r\000t\000\355\000c\000u\000l\000a}{}% 12
\BOOKMARK [2][-]{subsection.12.1}{\376\377\000R\000o\000t\000a\000\347\000\343\000o\000\040\000d\000e\000\040\000u\000m\000\040\000C\000o\000r\000p\000o\000\040\000R\000\355\000g\000i\000d\000o}{section.12}% 13
\BOOKMARK [2][-]{subsection.12.2}{\376\377\000R\000e\000l\000a\000\347\000\343\000o\000\040\000e\000n\000t\000r\000e\000\040\000c\000o\000r\000o\000a\000s\000\040\000e\000\040\000c\000a\000t\000r\000a\000c\000a\000s}{section.12}% 14
\BOOKMARK [1][-]{section.13}{\376\377\000L\000e\000i\000s\000\040\000F\000u\000n\000d\000a\000m\000e\000n\000t\000a\000i\000s\000\040\000d\000a\000\040\000D\000i\000n\000\342\000m\000i\000c\000a\000\040\000\050\000L\000e\000i\000s\000\040\000d\000e\000\040\000N\000e\000w\000t\000o\000n\000\051}{}% 15
\BOOKMARK [1][-]{section.14}{\376\377\000G\000r\000a\000v\000i\000t\000a\000\347\000\343\000o\000\040\000U\000n\000i\000v\000e\000r\000s\000a\000l}{}% 16
\BOOKMARK [1][-]{section.15}{\376\377\000F\000o\000r\000\347\000a\000s\000\040\000n\000o\000\040\000M\000o\000v\000i\000m\000e\000n\000t\000o\000\040\000C\000i\000r\000c\000u\000l\000a\000r}{}% 17
\BOOKMARK [1][-]{section.16}{\376\377\000I\000m\000p\000u\000l\000s\000o\000\040\000e\000\040\000Q\000u\000a\000n\000t\000i\000d\000a\000d\000e\000\040\000d\000e\000\040\000M\000o\000v\000i\000m\000e\000n\000t\000o}{}% 18
\BOOKMARK [1][-]{section.17}{\376\377\000T\000r\000a\000b\000a\000l\000h\000o\000\040\000e\000\040\000E\000n\000e\000r\000g\000i\000a\000\040\000C\000i\000n\000\351\000t\000i\000c\000a}{}% 19
\BOOKMARK [1][-]{section.18}{\376\377\000F\000o\000r\000\347\000a\000\040\000d\000e\000\040\000A\000t\000r\000i\000t\000o}{}% 20
\BOOKMARK [1][-]{section.19}{\376\377\0009\000.\000\040\000E\000n\000e\000r\000g\000i\000a\000\040\000P\000o\000t\000e\000n\000c\000i\000a\000l}{}% 21
\BOOKMARK [1][-]{section.20}{\376\377\000C\000o\000n\000s\000e\000r\000v\000a\000\347\000\343\000o\000\040\000d\000a\000\040\000E\000n\000e\000r\000g\000i\000a\000\040\000M\000e\000c\000\342\000n\000i\000c\000a}{}% 22
\BOOKMARK [1][-]{section.21}{\376\377\000L\000e\000i\000\040\000d\000e\000\040\000H\000o\000o\000k\000e}{}% 23
\BOOKMARK [2][-]{subsection.21.1}{\376\377\000L\000e\000i\000s\000\040\000d\000e\000\040\000K\000e\000p\000l\000e\000r}{section.21}% 24
\BOOKMARK [1][-]{section.22}{\376\377\000H\000i\000d\000r\000o\000s\000t\000\341\000t\000i\000c\000a}{}% 25
\BOOKMARK [1][-]{section.23}{\376\377\000F\000l\000u\000i\000d\000o\000\040\000e\000m\000\040\000E\000q\000u\000i\000l\000\355\000b\000r\000i\000o}{}% 26
\BOOKMARK [1][-]{section.24}{\376\377\000C\000o\000n\000c\000e\000i\000t\000o\000\040\000d\000e\000\040\000P\000r\000e\000s\000s\000\343\000o}{}% 27
\BOOKMARK [1][-]{section.25}{\376\377\000D\000e\000n\000s\000i\000d\000a\000d\000e}{}% 28
\BOOKMARK [1][-]{section.26}{\376\377\000P\000r\000e\000s\000s\000\343\000o\000\040\000d\000e\000\040\000u\000m\000a\000\040\000C\000o\000l\000u\000n\000a\000\040\000d\000e\000\040\000L\000\355\000q\000u\000i\000d\000o}{}% 29
\BOOKMARK [1][-]{section.27}{\376\377\000C\000o\000n\000s\000e\000r\000v\000a\000\347\000\343\000o\000\040\000d\000a\000\040\000M\000a\000s\000s\000a\000\040\000\050\000E\000q\000.\000\040\000d\000a\000\040\000C\000o\000n\000t\000i\000n\000u\000i\000d\000a\000d\000e\000\051}{}% 30
\BOOKMARK [1][-]{section.28}{\376\377\000E\000q\000u\000a\000\347\000\343\000o\000\040\000d\000e\000\040\000B\000e\000r\000n\000o\000u\000l\000l\000i}{}% 31
\BOOKMARK [1][-]{section.29}{\376\377\000P\000r\000i\000n\000c\000\355\000p\000i\000o\000\040\000d\000e\000\040\000P\000a\000s\000c\000a\000l}{}% 32
\BOOKMARK [1][-]{section.30}{\376\377\000P\000r\000e\000s\000s\000\343\000o\000\040\000A\000t\000m\000o\000s\000f\000\351\000r\000i\000c\000a}{}% 33
\BOOKMARK [1][-]{section.31}{\376\377\000E\000x\000p\000e\000r\000i\000\352\000n\000c\000i\000a\000\040\000d\000e\000\040\000T\000o\000r\000r\000i\000c\000e\000l\000l\000i}{}% 34
\BOOKMARK [1][-]{section.32}{\376\377\000L\000e\000i\000\040\000d\000e\000\040\000S\000t\000e\000v\000i\000n}{}% 35
\BOOKMARK [1][-]{section.33}{\376\377\000V\000a\000s\000o\000s\000\040\000C\000o\000m\000u\000n\000i\000c\000a\000n\000t\000e\000s}{}% 36
\BOOKMARK [1][-]{section.34}{\376\377\000P\000r\000e\000n\000s\000a\000\040\000H\000i\000d\000r\000\341\000u\000l\000i\000c\000a}{}% 37
\BOOKMARK [1][-]{section.35}{\376\377\000E\000q\000u\000i\000l\000\355\000b\000r\000i\000o\000\040\000t\000\351\000r\000m\000i\000c\000o\000\040\000e\000\040\000t\000e\000m\000p\000e\000r\000a\000t\000u\000r\000a}{}% 38
\BOOKMARK [1][-]{section.36}{\376\377\000E\000s\000c\000a\000l\000a\000s\000\040\000t\000e\000r\000m\000o\000m\000\351\000t\000r\000i\000c\000a\000s}{}% 39
\BOOKMARK [1][-]{section.37}{\376\377\000D\000i\000l\000a\000t\000a\000\347\000\343\000o\000\040\000d\000o\000s\000\040\000s\000\363\000l\000i\000d\000o\000s\000\040\000e\000\040\000l\000\355\000q\000u\000i\000d\000o\000s}{}% 40
\BOOKMARK [1][-]{section.38}{\376\377\000E\000s\000t\000u\000d\000o\000\040\000t\000\351\000r\000m\000i\000c\000o\000\040\000d\000o\000s\000\040\000g\000a\000s\000e\000s}{}% 41
\BOOKMARK [1][-]{section.39}{\376\377\000L\000e\000i\000\040\000g\000e\000r\000a\000l\000\040\000d\000o\000s\000\040\000g\000a\000s\000e\000s\000\040\000p\000e\000r\000f\000e\000i\000t\000o\000s}{}% 42
\BOOKMARK [1][-]{section.40}{\376\377\000E\000q\000u\000a\000\347\000\343\000o\000\040\000d\000e\000\040\000C\000l\000a\000p\000e\000y\000r\000o\000n}{}% 43
\BOOKMARK [1][-]{section.41}{\376\377\000T\000r\000a\000n\000s\000f\000o\000r\000m\000a\000\347\000\365\000e\000s\000\040\000g\000a\000s\000o\000s\000a\000s}{}% 44
\BOOKMARK [1][-]{section.42}{\376\377\000P\000r\000i\000n\000c\000\355\000p\000i\000o\000\040\000d\000a\000\040\000c\000o\000n\000s\000e\000r\000v\000a\000\347\000\343\000o\000\040\000d\000a\000\040\000e\000n\000e\000r\000g\000i\000a}{}% 45
\BOOKMARK [1][-]{section.43}{\376\377\000M\000u\000d\000a\000n\000\347\000a\000s\000\040\000d\000e\000\040\000e\000s\000t\000a\000d\000o\000\040\000f\000\355\000s\000i\000c\000o}{}% 46
\BOOKMARK [1][-]{section.44}{\376\377\000Q\000u\000a\000n\000t\000i\000d\000a\000d\000e\000\040\000d\000e\000\040\000c\000a\000l\000o\000r}{}% 47
\BOOKMARK [1][-]{section.45}{\376\377\000P\000r\000o\000p\000a\000g\000a\000\347\000\343\000o\000\040\000d\000o\000\040\000c\000a\000l\000o\000r}{}% 48
\BOOKMARK [2][-]{subsection.45.1}{\376\377\000C\000o\000n\000d\000u\000\347\000\343\000o\000\040\000t\000\351\000r\000m\000i\000c\000a\000\040\000-\000\040\000L\000e\000i\000\040\000d\000e\000\040\000F\000o\000u\000r\000i\000e\000r\000\040\000d\000a\000\040\000C\000o\000n\000d\000u\000\347\000\343\000o\000\040\000d\000e\000\040\000C\000a\000l\000o\000r}{section.45}% 49
\BOOKMARK [2][-]{subsection.45.2}{\376\377\000C\000o\000n\000v\000e\000c\000\347\000\343\000o}{section.45}% 50
\BOOKMARK [2][-]{subsection.45.3}{\376\377\000R\000a\000d\000i\000a\000\347\000\343\000o}{section.45}% 51
\BOOKMARK [1][-]{section.46}{\376\377\000P\000r\000i\000n\000c\000\355\000p\000i\000o\000s\000\040\000d\000a\000\040\000T\000e\000r\000m\000o\000d\000i\000n\000\342\000m\000i\000c\000a}{}% 52
\BOOKMARK [2][-]{subsection.46.1}{\376\377\000P\000r\000i\000m\000e\000i\000r\000o\000\040\000P\000r\000i\000n\000c\000\355\000p\000i\000o}{section.46}% 53
\BOOKMARK [2][-]{subsection.46.2}{\376\377\000S\000e\000g\000u\000n\000d\000o\000\040\000P\000r\000i\000n\000c\000\355\000p\000i\000o}{section.46}% 54
\BOOKMARK [2][-]{subsection.46.3}{\376\377\000T\000e\000r\000c\000e\000i\000r\000o\000\040\000P\000r\000i\000n\000c\000\355\000p\000i\000o}{section.46}% 55
\BOOKMARK [1][-]{section.47}{\376\377\000D\000e\000f\000i\000n\000i\000\347\000\343\000o}{}% 56
\BOOKMARK [1][-]{section.48}{\376\377\000R\000e\000n\000d\000i\000m\000e\000n\000t\000o}{}% 57
\BOOKMARK [1][-]{section.49}{\376\377\000R\000e\000n\000d\000i\000m\000e\000n\000t\000o\000\040\000d\000a\000\040\000M\000\341\000q\000u\000i\000n\000a\000\040\000d\000e\000\040\000C\000a\000r\000n\000o\000t}{}% 58
\BOOKMARK [1][-]{section.50}{\376\377\000E\000q\000u\000i\000v\000a\000l\000e\000n\000t\000e\000\040\000m\000e\000c\000\342\000n\000i\000c\000o\000\040\000d\000o\000\040\000c\000a\000l\000o\000r}{}% 59
\BOOKMARK [1][-]{section.51}{\376\377\000M\000o\000v\000i\000m\000e\000n\000t\000o\000\040\000V\000i\000b\000r\000a\000t\000\363\000r\000i\000o\000\040\000e\000\040\000O\000n\000d\000u\000l\000a\000t\000\363\000r\000i\000o}{}% 60
\BOOKMARK [2][-]{subsection.51.1}{\376\377\000M\000o\000v\000i\000m\000e\000n\000t\000o\000\040\000P\000e\000r\000i\000\363\000d\000i\000c\000o}{section.51}% 61
\BOOKMARK [1][-]{section.52}{\376\377\000M\000o\000v\000i\000m\000e\000n\000t\000o\000\040\000H\000a\000r\000m\000\364\000n\000i\000c\000o\000\040\000S\000i\000m\000p\000l\000e\000s\000\040\000\050\000M\000H\000S\000\051}{}% 62
\BOOKMARK [1][-]{section.53}{\376\377\000O\000s\000c\000i\000l\000a\000d\000o\000r\000\040\000H\000a\000r\000m\000\364\000n\000i\000c\000o}{}% 63
\BOOKMARK [1][-]{section.54}{\376\377\000P\000\352\000n\000d\000u\000l\000o\000\040\000S\000i\000m\000p\000l\000e\000s}{}% 64
\BOOKMARK [1][-]{section.55}{\376\377\000C\000l\000a\000s\000s\000i\000f\000i\000c\000a\000\347\000\343\000o\000\040\000d\000a\000s\000\040\000O\000n\000d\000a\000s}{}% 65
\BOOKMARK [1][-]{section.56}{\376\377\000V\000e\000l\000o\000c\000i\000d\000a\000d\000e\000\040\000d\000e\000\040\000p\000r\000o\000p\000a\000g\000a\000\347\000\343\000o\000\040\000d\000e\000\040\000u\000m\000a\000\040\000o\000n\000d\000a\000\040\000u\000n\000i\000d\000i\000m\000e\000n\000s\000i\000o\000n\000a\000l}{}% 66
\BOOKMARK [1][-]{section.57}{\376\377\000O\000n\000d\000a\000s\000\040\000P\000e\000r\000i\000\363\000d\000i\000c\000a\000s}{}% 67
\BOOKMARK [1][-]{section.58}{\376\377\000R\000e\000f\000l\000e\000x\000\343\000o\000\040\000e\000\040\000r\000e\000f\000r\000a\000\347\000\343\000o\000\040\000d\000e\000\040\000u\000m\000\040\000p\000u\000l\000s\000o\000\040\000n\000u\000m\000a\000\040\000c\000o\000r\000d\000a}{}% 68
\BOOKMARK [1][-]{section.59}{\376\377\000F\000r\000e\000n\000t\000e\000\040\000d\000e\000\040\000o\000n\000d\000a}{}% 69
\BOOKMARK [1][-]{section.60}{\376\377\000F\000e\000n\000\364\000m\000e\000n\000o\000s\000\040\000O\000n\000d\000u\000l\000a\000t\000\363\000r\000i\000o\000s}{}% 70
\BOOKMARK [2][-]{subsection.60.1}{\376\377\000R\000e\000f\000l\000e\000x\000\343\000o}{section.60}% 71
\BOOKMARK [2][-]{subsection.60.2}{\376\377\000R\000e\000f\000r\000a\000\347\000\343\000o}{section.60}% 72
\BOOKMARK [2][-]{subsection.60.3}{\376\377\000D\000i\000f\000r\000a\000\347\000\343\000o}{section.60}% 73
\BOOKMARK [2][-]{subsection.60.4}{\376\377\000P\000o\000l\000a\000r\000i\000z\000a\000\347\000\343\000o}{section.60}% 74
\BOOKMARK [2][-]{subsection.60.5}{\376\377\000S\000u\000p\000e\000r\000p\000o\000s\000i\000\347\000\343\000o}{section.60}% 75
\BOOKMARK [2][-]{subsection.60.6}{\376\377\000O\000n\000d\000a\000s\000\040\000e\000s\000t\000a\000c\000i\000o\000n\000\341\000r\000i\000a\000s}{section.60}% 76
\BOOKMARK [2][-]{subsection.60.7}{\376\377\000I\000n\000t\000e\000r\000f\000e\000r\000\352\000n\000c\000i\000a\000\040\000d\000e\000\040\000o\000n\000d\000a\000s\000\040\000b\000i\000d\000i\000m\000e\000n\000s\000i\000o\000n\000a\000i\000s}{section.60}% 77
\BOOKMARK [1][-]{section.61}{\376\377\000A\000c\000\372\000s\000t\000i\000c\000a\000:\000\040\000N\000a\000t\000u\000r\000e\000z\000a\000\040\000e\000\040\000c\000a\000r\000a\000c\000t\000e\000r\000\355\000s\000t\000i\000c\000a\000s\000\040\000d\000o\000\040\000s\000o\000m}{}% 78
\BOOKMARK [1][-]{section.62}{\376\377\000N\000a\000t\000u\000r\000e\000z\000a\000\040\000d\000o\000\040\000S\000o\000m}{}% 79
\BOOKMARK [1][-]{section.63}{\376\377\000C\000a\000r\000a\000c\000t\000e\000r\000\355\000s\000t\000i\000c\000a\000s\000\040\000F\000\355\000s\000i\000c\000a\000s\000\040\000d\000o\000\040\000S\000o\000m}{}% 80
\BOOKMARK [1][-]{section.64}{\376\377\000F\000e\000n\000\364\000m\000e\000n\000o\000s\000\040\000A\000c\000\372\000s\000t\000i\000c\000o\000s}{}% 81
\BOOKMARK [1][-]{section.65}{\376\377\000A\000p\000l\000i\000c\000a\000\347\000\365\000e\000s\000\040\000e\000\040\000L\000i\000m\000i\000t\000e\000s\000\040\000d\000a\000\040\000A\000u\000d\000i\000\347\000\343\000o\000\040\000H\000u\000m\000a\000n\000a}{}% 82
\BOOKMARK [1][-]{section.66}{\376\377\000\323\000p\000t\000i\000c\000a\000\040\000e\000\040\000O\000n\000d\000u\000l\000a\000t\000\363\000r\000i\000a}{}% 83
\BOOKMARK [1][-]{section.67}{\376\377\000\323\000p\000t\000i\000c\000a\000\040\000G\000e\000o\000m\000\351\000t\000r\000i\000c\000a}{}% 84
\BOOKMARK [2][-]{subsection.67.1}{\376\377\000P\000r\000o\000p\000a\000g\000a\000\347\000\343\000o\000\040\000d\000a\000\040\000L\000u\000z}{section.67}% 85
\BOOKMARK [2][-]{subsection.67.2}{\376\377\000E\000s\000p\000e\000l\000h\000o\000s\000\040\000P\000l\000a\000n\000o\000s}{section.67}% 86
\BOOKMARK [2][-]{subsection.67.3}{\376\377\000R\000e\000f\000r\000a\000\347\000\343\000o\000\040\000d\000a\000\040\000L\000u\000z\000\040\000e\000\040\000\315\000n\000d\000i\000c\000e\000\040\000d\000e\000\040\000R\000e\000f\000r\000a\000\347\000\343\000o}{section.67}% 87
\BOOKMARK [2][-]{subsection.67.4}{\376\377\000R\000e\000f\000l\000e\000x\000\343\000o\000\040\000T\000o\000t\000a\000l}{section.67}% 88
\BOOKMARK [2][-]{subsection.67.5}{\376\377\000L\000\342\000m\000i\000n\000a\000s\000\040\000e\000\040\000P\000r\000i\000s\000m\000a\000s}{section.67}% 89
\BOOKMARK [2][-]{subsection.67.6}{\376\377\000D\000i\000s\000p\000e\000r\000s\000\343\000o\000\040\000d\000a\000\040\000L\000u\000z}{section.67}% 90
\BOOKMARK [2][-]{subsection.67.7}{\376\377\000L\000e\000n\000t\000e\000s\000\040\000E\000s\000f\000\351\000r\000i\000c\000a\000s}{section.67}% 91
\BOOKMARK [2][-]{subsection.67.8}{\376\377\000A\000s\000s\000o\000c\000i\000a\000\347\000\343\000o\000\040\000d\000e\000\040\000L\000e\000n\000t\000e\000s\000\040\000D\000e\000l\000g\000a\000d\000a\000s}{section.67}% 92
\BOOKMARK [2][-]{subsection.67.9}{\376\377\000F\000o\000r\000m\000a\000\347\000\343\000o\000\040\000d\000e\000\040\000I\000m\000a\000g\000e\000n\000s}{section.67}% 93
\BOOKMARK [2][-]{subsection.67.10}{\376\377\000I\000n\000s\000t\000r\000u\000m\000e\000n\000t\000o\000s\000\040\000\323\000p\000t\000i\000c\000o\000s}{section.67}% 94
\BOOKMARK [1][-]{section.68}{\376\377\000\323\000p\000t\000i\000c\000a\000\040\000F\000\355\000s\000i\000c\000a\000\040\000e\000\040\000O\000n\000d\000u\000l\000a\000t\000\363\000r\000i\000a}{}% 95
\BOOKMARK [2][-]{subsection.68.1}{\376\377\000N\000a\000t\000u\000r\000e\000z\000a\000\040\000d\000a\000\040\000L\000u\000z}{section.68}% 96
\BOOKMARK [2][-]{subsection.68.2}{\376\377\000F\000e\000n\000\364\000m\000e\000n\000o\000s\000\040\000d\000e\000\040\000I\000n\000t\000e\000r\000f\000e\000r\000\352\000n\000c\000i\000a}{section.68}% 97
\BOOKMARK [2][-]{subsection.68.3}{\376\377\000E\000x\000p\000e\000r\000i\000\352\000n\000c\000i\000a\000\040\000d\000e\000\040\000Y\000o\000u\000n\000g}{section.68}% 98
\BOOKMARK [2][-]{subsection.68.4}{\376\377\000P\000o\000l\000a\000r\000i\000z\000a\000\347\000\343\000o\000\040\000d\000a\000\040\000L\000u\000z}{section.68}% 99
\BOOKMARK [1][-]{section.69}{\376\377\000S\000\355\000n\000t\000e\000s\000e}{}% 100
\BOOKMARK [1][-]{section.70}{\376\377\000E\000l\000e\000t\000r\000i\000c\000i\000d\000a\000d\000e\000\040\000e\000\040\000M\000a\000g\000n\000e\000t\000i\000s\000m\000o}{}% 101
\BOOKMARK [1][-]{section.71}{\376\377\000E\000l\000e\000t\000r\000o\000s\000t\000\341\000t\000i\000c\000a}{}% 102
\BOOKMARK [2][-]{subsection.71.1}{\376\377\000E\000l\000e\000t\000r\000i\000z\000a\000\347\000\343\000o}{section.71}% 103
\BOOKMARK [2][-]{subsection.71.2}{\376\377\000L\000e\000i\000\040\000d\000e\000\040\000C\000o\000u\000l\000o\000m\000b}{section.71}% 104
\BOOKMARK [2][-]{subsection.71.3}{\376\377\000P\000o\000t\000e\000n\000c\000i\000a\000l\000\040\000E\000l\000\351\000t\000r\000i\000c\000o}{section.71}% 105
\BOOKMARK [1][-]{section.72}{\376\377\000T\000i\000p\000o\000s\000\040\000d\000e\000\040\000D\000i\000s\000t\000r\000i\000b\000u\000i\000\347\000\343\000o}{}% 106
\BOOKMARK [2][-]{subsection.72.1}{\376\377\000D\000i\000s\000t\000r\000i\000b\000u\000i\000\347\000\343\000o\000\040\000L\000i\000n\000e\000a\000r\000\040\000d\000e\000\040\000C\000a\000r\000g\000a\000\040\000\050\000f\000i\000o\000\051}{section.72}% 107
\BOOKMARK [2][-]{subsection.72.2}{\376\377\000D\000i\000s\000t\000r\000i\000b\000u\000i\000\347\000\343\000o\000\040\000S\000u\000p\000e\000r\000f\000i\000c\000i\000a\000l\000\040\000d\000e\000\040\000C\000a\000r\000g\000a\000\040\000\050\000s\000u\000p\000e\000r\000f\000\355\000c\000i\000e\000\051}{section.72}% 108
\BOOKMARK [2][-]{subsection.72.3}{\376\377\000D\000i\000s\000t\000r\000i\000b\000u\000i\000\347\000\343\000o\000\040\000V\000o\000l\000u\000m\000\351\000t\000r\000i\000c\000a\000\040\000d\000e\000\040\000C\000a\000r\000g\000a\000\040\000\050\000v\000o\000l\000u\000m\000e\000\051}{section.72}% 109
\BOOKMARK [1][-]{section.73}{\376\377\000O\000b\000s\000e\000r\000v\000a\000\347\000\365\000e\000s}{}% 110
\BOOKMARK [2][-]{subsection.73.1}{\376\377\000C\000a\000m\000p\000o\000\040\000d\000e\000\040\000F\000o\000r\000\347\000a\000s\000\040\000C\000o\000u\000l\000o\000m\000b\000i\000a\000n\000a\000s\000\040\000e\000\040\000C\000a\000m\000p\000o\000\040\000E\000l\000\351\000t\000r\000i\000c\000o}{section.73}% 111
\BOOKMARK [2][-]{subsection.73.2}{\376\377\000L\000i\000n\000h\000a\000s\000\040\000d\000e\000\040\000F\000o\000r\000\347\000a}{section.73}% 112
\BOOKMARK [2][-]{subsection.73.3}{\376\377\000T\000r\000a\000b\000a\000l\000h\000o\000\040\000e\000\040\000P\000o\000t\000e\000n\000c\000i\000a\000l\000\040\000E\000l\000e\000t\000r\000o\000s\000t\000\341\000t\000i\000c\000o}{section.73}% 113
\BOOKMARK [1][-]{section.74}{\376\377\000C\000o\000r\000r\000e\000n\000t\000e\000\040\000C\000o\000n\000t\000\355\000n\000u\000a\000\040\000e\000\040\000R\000e\000s\000i\000s\000t\000\352\000n\000c\000i\000a}{}% 114
\BOOKMARK [2][-]{subsection.74.1}{\376\377\000C\000o\000r\000r\000e\000n\000t\000e\000\040\000E\000l\000\351\000t\000r\000i\000c\000a}{section.74}% 115
\BOOKMARK [2][-]{subsection.74.2}{\376\377\000R\000e\000s\000i\000s\000t\000\352\000n\000c\000i\000a\000\040\000E\000l\000\351\000t\000r\000i\000c\000a\000\040\000e\000\040\000L\000e\000i\000\040\000d\000e\000\040\000O\000h\000m}{section.74}% 116
\BOOKMARK [2][-]{subsection.74.3}{\376\377\000A\000s\000s\000o\000c\000i\000a\000\347\000\343\000o\000\040\000d\000e\000\040\000R\000e\000s\000i\000s\000t\000o\000r\000e\000s}{section.74}% 117
\BOOKMARK [2][-]{subsection.74.4}{\376\377\000R\000e\000s\000i\000s\000t\000i\000v\000i\000d\000a\000d\000e\000\040\000e\000\040\000T\000e\000m\000p\000e\000r\000a\000t\000u\000r\000a}{section.74}% 118
\BOOKMARK [2][-]{subsection.74.5}{\376\377\000E\000f\000e\000i\000t\000o\000\040\000J\000o\000u\000l\000e}{section.74}% 119
\BOOKMARK [2][-]{subsection.74.6}{\376\377\000G\000e\000r\000a\000d\000o\000r\000e\000s\000\040\000e\000\040\000R\000e\000c\000e\000p\000t\000o\000r\000e\000s}{section.74}% 120
\BOOKMARK [2][-]{subsection.74.7}{\376\377\000P\000i\000l\000h\000a\000s\000\040\000e\000m\000\040\000S\000\351\000r\000i\000e\000\040\000e\000\040\000P\000a\000r\000a\000l\000e\000l\000o}{section.74}% 121
\BOOKMARK [2][-]{subsection.74.8}{\376\377\000L\000e\000i\000s\000\040\000d\000e\000\040\000K\000i\000r\000c\000h\000h\000o\000f\000f}{section.74}% 122
\BOOKMARK [2][-]{subsection.74.9}{\376\377\000I\000n\000s\000t\000r\000u\000m\000e\000n\000t\000o\000s\000\040\000d\000e\000\040\000M\000e\000d\000i\000d\000a}{section.74}% 123
\BOOKMARK [1][-]{section.75}{\376\377\000M\000a\000g\000n\000e\000t\000i\000s\000m\000o\000\040\000e\000\040\000I\000n\000d\000u\000\347\000\343\000o}{}% 124
\BOOKMARK [2][-]{subsection.75.1}{\376\377\000C\000a\000m\000p\000o\000\040\000M\000a\000g\000n\000\351\000t\000i\000c\000o\000\040\000G\000e\000r\000a\000d\000o\000\040\000p\000o\000r\000\040\000C\000o\000r\000r\000e\000n\000t\000e\000\040\000E\000l\000\351\000t\000r\000i\000c\000a}{section.75}% 125
\BOOKMARK [2][-]{subsection.75.2}{\376\377\000F\000o\000r\000\347\000a\000\040\000M\000a\000g\000n\000\351\000t\000i\000c\000a\000\040\000e\000\040\000F\000o\000r\000\347\000a\000\040\000E\000l\000\351\000t\000r\000i\000c\000a}{section.75}% 126
\BOOKMARK [2][-]{subsection.75.3}{\376\377\000T\000r\000a\000b\000a\000l\000h\000o\000\040\000r\000e\000a\000l\000i\000z\000a\000d\000o\000\040\000p\000e\000l\000a\000\040\000f\000o\000r\000\347\000a\000\040\000m\000a\000g\000n\000\351\000t\000i\000c\000a}{section.75}% 127
\BOOKMARK [1][-]{section.76}{\376\377\000F\000o\000r\000\347\000a\000\040\000M\000a\000g\000n\000\351\000t\000i\000c\000a\000\040\000s\000o\000b\000r\000e\000\040\000u\000m\000\040\000F\000i\000o\000\040\000c\000o\000m\000\040\000C\000o\000r\000r\000e\000n\000t\000e}{}% 128
\BOOKMARK [2][-]{subsection.76.1}{\376\377\000E\000l\000e\000t\000r\000o\000\355\000m\000\343}{section.76}% 129
\BOOKMARK [2][-]{subsection.76.2}{\376\377\000I\000n\000d\000u\000\347\000\343\000o\000\040\000E\000l\000e\000t\000r\000o\000m\000a\000g\000n\000\351\000t\000i\000c\000a}{section.76}% 130
\BOOKMARK [2][-]{subsection.76.3}{\376\377\000L\000e\000i\000\040\000d\000e\000\040\000L\000e\000n\000z}{section.76}% 131
\BOOKMARK [2][-]{subsection.76.4}{\376\377\000C\000a\000m\000p\000o\000\040\000E\000l\000\351\000t\000r\000i\000c\000o\000\040\000I\000n\000d\000u\000z\000i\000d\000o}{section.76}% 132
\BOOKMARK [1][-]{section.77}{\376\377\000F\000\355\000s\000i\000c\000a\000\040\000M\000o\000d\000e\000r\000n\000a}{}% 133
\BOOKMARK [1][-]{section.78}{\376\377\000R\000a\000d\000i\000a\000\347\000\343\000o\000\040\000d\000o\000\040\000C\000o\000r\000p\000o\000\040\000N\000e\000g\000r\000o\000\040\000e\000\040\000C\000o\000n\000s\000t\000a\000n\000t\000e\000\040\000d\000e\000\040\000P\000l\000a\000n\000c\000k}{}% 134
\BOOKMARK [1][-]{section.79}{\376\377\000E\000f\000e\000i\000t\000o\000\040\000F\000o\000t\000o\000e\000l\000\351\000t\000r\000i\000c\000o}{}% 135
\BOOKMARK [1][-]{section.80}{\376\377\000E\000f\000e\000i\000t\000o\000\040\000C\000o\000m\000p\000t\000o\000n}{}% 136
\BOOKMARK [1][-]{section.81}{\376\377\000D\000u\000a\000l\000i\000d\000a\000d\000e\000\040\000O\000n\000d\000a\000-\000P\000a\000r\000t\000\355\000c\000u\000l\000a}{}% 137
\BOOKMARK [1][-]{section.82}{\376\377\000T\000e\000o\000r\000i\000a\000\040\000d\000a\000\040\000R\000e\000l\000a\000t\000i\000v\000i\000d\000a\000d\000e\000\040\000R\000e\000s\000t\000r\000i\000t\000a}{}% 138
\BOOKMARK [2][-]{subsection.82.1}{\376\377\000P\000o\000s\000t\000u\000l\000a\000d\000o\000s}{section.82}% 139
\BOOKMARK [2][-]{subsection.82.2}{\376\377\000C\000o\000n\000s\000e\000q\000u\000\352\000n\000c\000i\000a\000s}{section.82}% 140
\BOOKMARK [2][-]{subsection.82.3}{\376\377\000E\000n\000e\000r\000g\000i\000a\000\040\000R\000e\000l\000a\000t\000i\000v\000\355\000s\000t\000i\000c\000a}{section.82}% 141
\BOOKMARK [1][-]{section.83}{\376\377\000M\000o\000d\000e\000l\000o\000s\000\040\000A\000t\000\364\000m\000i\000c\000o\000s}{}% 142
\BOOKMARK [2][-]{subsection.83.1}{\376\377\000R\000u\000t\000h\000e\000r\000f\000o\000r\000d}{section.83}% 143
\BOOKMARK [2][-]{subsection.83.2}{\376\377\000B\000o\000h\000r}{section.83}% 144
\BOOKMARK [1][-]{section.84}{\376\377\000P\000r\000i\000n\000c\000\355\000p\000i\000o\000\040\000d\000a\000\040\000I\000n\000c\000e\000r\000t\000e\000z\000a\000\040\000d\000e\000\040\000H\000e\000i\000s\000e\000n\000b\000e\000r\000g}{}% 145
\BOOKMARK [1][-]{section.85}{\376\377\000R\000a\000d\000i\000o\000a\000t\000i\000v\000i\000d\000a\000d\000e}{}% 146
\BOOKMARK [1][-]{section.86}{\376\377\000E\000n\000e\000r\000g\000i\000a\000\040\000N\000u\000c\000l\000e\000a\000r}{}% 147
