\BOOKMARK [1][-]{section.1}{\376\377\000\040\000A\000s\000\040\000l\000e\000i\000s\000\040\000d\000e\000\040\000N\000e\000w\000t\000o\000n\000\040\000d\000o\000\040\000M\000o\000v\000i\000m\000e\000n\000t\000o}{}% 1
\BOOKMARK [2][-]{subsection.1.1}{\376\377\000Q\000u\000e\000s\000t\000\343\000o\000\040\0003\0004\000\040\000-\000\040\000M\000e\000c\000\342\000n\000i\000c\000a}{section.1}% 2
\BOOKMARK [2][-]{subsection.1.2}{\376\377\000Q\000u\000e\000s\000t\000\343\000o\000\040\0003\0007\000\040\000-\000\040\000L\000e\000i\000s\000\040\000d\000e\000\040\000N\000e\000w\000t\000o\000n}{section.1}% 3
\BOOKMARK [2][-]{subsection.1.3}{\376\377\000Q\000u\000e\000s\000t\000\343\000o\000\040\0004\0000\000\040\000-\000\040\000M\000e\000c\000\342\000n\000i\000c\000a\000\040\000-\000\040\000T\000r\000a\000b\000a\000l\000h\000o\000/\000F\000o\000r\000\347\000a\000\040\000V\000a\000r\000i\000\341\000v\000e\000l}{section.1}% 4
\BOOKMARK [2][-]{subsection.1.4}{\376\377\000Q\000u\000e\000s\000t\000\343\000o\000\040\0002\0006\000\040\000-\000\040\000L\000e\000i\000s\000\040\000d\000e\000\040\000N\000e\000w\000t\000o\000n}{section.1}% 5
\BOOKMARK [2][-]{subsection.1.5}{\376\377\000Q\000u\000e\000s\000t\000\343\000o\000\040\0003\0001\000\040\000-\000\040\000L\000e\000i\000\040\000d\000a\000\040\000I\000n\000\351\000r\000c\000i\000a}{section.1}% 6
\BOOKMARK [2][-]{subsection.1.6}{\376\377\000Q\000u\000e\000s\000t\000\343\000o\000\040\0003\0002\000\040\000-\000\040\0002\000\040\000L\000e\000i\000\040\000d\000e\000\040\000N\000e\000w\000t\000o\000n}{section.1}% 7
\BOOKMARK [2][-]{subsection.1.7}{\376\377\000Q\000u\000e\000s\000t\000\343\000o\000\040\0003\0003\000\040\000-\000\040\000F\000o\000r\000\347\000a\000\040\000d\000e\000\040\000a\000t\000r\000i\000t\000o\000\040\000n\000o\000\040\000p\000l\000a\000n\000o\000\040\000i\000n\000c\000l\000i\000n\000a\000d\000o\000\040\000c\000o\000m\000\040\000a\000t\000r\000i\000t\000o}{section.1}% 8
\BOOKMARK [2][-]{subsection.1.8}{\376\377\000Q\000u\000e\000s\000t\000\343\000o\000\040\0002\0003\000\040\000-\000\040\000C\000i\000n\000e\000m\000\341\000t\000i\000c\000a\000\040\000-\000\040\000F\000o\000r\000\347\000a\000\040\000r\000e\000s\000u\000l\000t\000a\000n\000t\000e\000\040\000-\000\040\000I\000F\000C\000\040\0002\0000\0002\0003}{section.1}% 9
\BOOKMARK [2][-]{subsection.1.9}{\376\377\000Q\000u\000e\000s\000t\000\343\000o\000\040\0002\0004\000\040\000-\000\040\000M\000e\000c\000\342\000n\000i\000c\000a\000\040\000-\000\040\000I\000F\000C\000\040\0002\0000\0002\0003}{section.1}% 10
\BOOKMARK [2][-]{subsection.1.10}{\376\377\000Q\000u\000e\000s\000t\000\343\000o\000\040\0002\0005\000\040\000-\000\040\000I\000m\000p\000u\000l\000s\000o\000\040\000-\000\040\000I\000F\000C\000\040\0002\0000\0002\0003}{section.1}% 11
\BOOKMARK [2][-]{subsection.1.11}{\376\377\000Q\000u\000e\000s\000t\000\343\000o\000\040\0003\0006\000\040\000L\000e\000i\000s\000\040\000d\000e\000\040\000C\000o\000n\000s\000e\000r\000v\000a\000\347\000\343\000o\000\040\000-\000\040\000I\000F\000F\000A\000R\000\040\0002\0000\0002\0003}{section.1}% 12
\BOOKMARK [2][-]{subsection.1.12}{\376\377\000Q\000u\000e\000s\000t\000\343\000o\000\040\0002\0005\000\040\000-\000\040\000M\000o\000m\000e\000n\000t\000o\000\040\000d\000e\000\040\000I\000n\000\351\000r\000c\000i\000a\000\040\000-\000\040\000I\000F\000F\000A\000R\000\040\0002\0000\0002\0003}{section.1}% 13
\BOOKMARK [2][-]{subsection.1.13}{\376\377\000Q\000u\000e\000s\000t\000\343\000o\000\040\0003\0000\000\040\000I\000F\000R\000N\000\040\0002\0000\0002\0005\000\040\000-\000\040\000M\000e\000c\000\342\000n\000i\000c\000a\000\040\000-\000\040\000F\000o\000r\000\347\000a\000\040\000V\000a\000r\000i\000\341\000v\000e\000l}{section.1}% 14
\BOOKMARK [2][-]{subsection.1.14}{\376\377\000Q\000u\000e\000s\000t\000\343\000o\000\040\0002\0001\000\040\000I\000F\000R\000N\000\040\0002\0000\0002\0005\000\040\000-\000\040\000C\000o\000l\000i\000s\000\343\000o}{section.1}% 15
\BOOKMARK [2][-]{subsection.1.15}{\376\377\000Q\000u\000e\000s\000t\000\343\000o\000\040\000Q\0005\0001\000\040\000-\000\040\000I\000F\000S\000P\000\040\0002\0000\0001\0005\000\040\000-\000\040\000P\000o\000l\000i\000a\000\040\000c\000o\000m\000\040\000M\000o\000m\000e\000n\000t\000o\000\040\000d\000e\000\040\000I\000n\000\351\000r\000c\000i\000a}{section.1}% 16
\BOOKMARK [1][-]{section.2}{\376\377\000A\000s\000\040\000l\000e\000i\000s\000\040\000d\000e\000\040\000c\000o\000n\000s\000e\000r\000v\000a\000\347\000\343\000o\000\040\000n\000a\000\040\000M\000e\000c\000\342\000n\000i\000c\000a\000\040\000C\000l\000\341\000s\000s\000i\000c\000a}{}% 17
\BOOKMARK [2][-]{subsection.2.1}{\376\377\000Q\000u\000e\000s\000t\000\343\000o\000\040\000-\000\040\000M\000e\000d\000i\000d\000o\000r\000\040\000d\000e\000\040\000V\000a\000z\000\343\000o\000\040\000\050\000T\000u\000b\000o\000\040\000d\000e\000\040\000V\000e\000n\000t\000u\000r\000i\000\051}{section.2}% 18
\BOOKMARK [2][-]{subsection.2.2}{\376\377\000Q\000u\000e\000s\000t\000\343\000o\000\040\0002\0003\000\040\000-\000\040\000Q\000u\000a\000n\000t\000i\000d\000a\000d\000e\000\040\000d\000e\000\040\000M\000o\000m\000e\000n\000t\000o\000\040\000L\000i\000n\000e\000a\000r}{section.2}% 19
\BOOKMARK [2][-]{subsection.2.3}{\376\377\000Q\000u\000e\000s\000t\000\343\000o\000\040\0003\0006\000\040\000-\000\040\000C\000o\000n\000s\000e\000r\000v\000a\000\347\000\343\000o\000\040\000M\000o\000m\000e\000n\000t\000o\000\040\000A\000n\000g\000u\000l\000a\000r}{section.2}% 20
\BOOKMARK [2][-]{subsection.2.4}{\376\377\000Q\000u\000e\000s\000t\000\343\000o\000\040}{section.2}% 21
\BOOKMARK [1][-]{section.3}{\376\377\000O\000s\000c\000i\000l\000a\000\347\000\365\000e\000s\000\040\000e\000\040\000o\000n\000d\000a\000s}{}% 22
\BOOKMARK [2][-]{subsection.3.1}{\376\377\000Q\000u\000e\000s\000t\000\343\000o\000\040\0004\0008\000\040\000-\000\040\000I\000F\000S\0002\0000\0002\0004\000\040\000-\000\040\000P\000\352\000n\000d\000u\000l\000o\000\040\000S\000i\000m\000p\000l\000e\000s}{section.3}% 23
\BOOKMARK [2][-]{subsection.3.2}{\376\377\000Q\000u\000e\000s\000t\000\343\000o\000\040\0004\0006\000\040\000-\000\040\000O\000n\000d\000a\000s\000\040\000E\000s\000t\000a\000c\000i\000o\000n\000\341\000r\000i\000a}{section.3}% 24
\BOOKMARK [2][-]{subsection.3.3}{\376\377\000Q\000u\000e\000s\000t\000\343\000o\000\040\0004\0007\000\040\000-\000\040\000O\000n\000d\000a\000s\000\040\000S\000o\000n\000o\000r\000a\000s}{section.3}% 25
\BOOKMARK [2][-]{subsection.3.4}{\376\377\000Q\000u\000e\000s\000t\000\343\000o\000\040}{section.3}% 26
\BOOKMARK [2][-]{subsection.3.5}{\376\377\000Q\000u\000e\000s\000t\000\343\000o\000\040}{section.3}% 27
\BOOKMARK [2][-]{subsection.3.6}{\376\377\000Q\000u\000e\000s\000t\000\343\000o\000\040}{section.3}% 28
\BOOKMARK [2][-]{subsection.3.7}{\376\377\000Q\000u\000e\000s\000t\000\343\000o\000\040}{section.3}% 29
\BOOKMARK [1][-]{section.4}{\376\377\000G\000r\000a\000v\000i\000t\000a\000\347\000\343\000o}{}% 30
\BOOKMARK [2][-]{subsection.4.1}{\376\377\000Q\000u\000e\000s\000t\000\343\000o\000\040\0003\0007\000\040\000-\000\040\000A\000s\000t\000r\000\364\000n\000o\000m\000i\000a}{section.4}% 31
\BOOKMARK [2][-]{subsection.4.2}{\376\377\000Q\000u\000e\000s\000t\000\343\000o\000\040\0003\0008\000\040\000-\000\040\000L\000e\000i\000\040\000d\000a\000\040\000G\000r\000a\000v\000i\000t\000a\000\347\000\343\000o\000\040\000U\000n\000i\000v\000e\000r\000s\000a\000l}{section.4}% 32
\BOOKMARK [2][-]{subsection.4.3}{\376\377\000Q\000u\000e\000s\000t\000\343\000o\000\040\0003\0009\000\040\000-\000\040\000L\000e\000i\000\040\000d\000a\000\040\000G\000r\000a\000v\000i\000t\000a\000\347\000\343\000o\000\040\000U\000n\000i\000v\000e\000r\000s\000a\000l}{section.4}% 33
\BOOKMARK [2][-]{subsection.4.4}{\376\377\000Q\000u\000e\000s\000t\000\343\000o\000\040}{section.4}% 34
\BOOKMARK [1][-]{section.5}{\376\377\000A\000s\000\040\000l\000e\000i\000s\000\040\000d\000a\000\040\000T\000e\000r\000m\000o\000d\000i\000n\000\342\000m\000i\000c\000a}{}% 35
\BOOKMARK [2][-]{subsection.5.1}{\376\377\000Q\000u\000e\000s\000t\000\343\000o\000\040\000I\000F\000S\000P\000\040\0002\0000\0001\0005\000\040\000-\000\040\000L\000e\000i\000\040\000d\000e\000\040\000F\000o\000u\000r\000i\000e\000r\000\040\000d\000a\000\040\000C\000o\000n\000d\000u\000\347\000\343\000o\000\040\000d\000e\000\040\000C\000a\000l\000o\000r}{section.5}% 36
\BOOKMARK [2][-]{subsection.5.2}{\376\377\000Q\000u\000e\000s\000t\000\343\000o\000\040\0003\0004\000\040\000-\000\040\000I\000F\000S\000P\000\040\0002\0000\0001\0007\000\040\000-\000\040\000E\000n\000t\000r\000o\000p\000i\000a}{section.5}% 37
\BOOKMARK [2][-]{subsection.5.3}{\376\377\000Q\000u\000e\000s\000t\000\343\000o\000\040}{section.5}% 38
\BOOKMARK [1][-]{section.6}{\376\377\000A\000s\000\040\000e\000q\000u\000a\000\347\000\365\000e\000s\000\040\000d\000e\000\040\000M\000a\000x\000w\000e\000l\000l}{}% 39
\BOOKMARK [2][-]{subsection.6.1}{\376\377\000Q\000u\000e\000s\000t\000\343\000o\000\040\0003\0008\000\040\000I\000F\000S\000P\000\040\0002\0000\0001\0005\000\040\000-\000\040\000S\000o\000l\000e\000n\000o\000i\000d\000e}{section.6}% 40
\BOOKMARK [2][-]{subsection.6.2}{\376\377\000Q\000u\000e\000s\000t\000\343\000o\000\040\0003\0009\000\040\000-\000\040\000I\000F\000S\000P\000\040\0002\0000\0001\0005\000\040\000-\000\040\000C\000o\000r\000r\000e\000n\000t\000e\000\040\000d\000e\000\040\000d\000e\000s\000l\000o\000c\000a\000m\000e\000n\000t\000o\000\040\000d\000e\000\040\000M\000a\000x\000w\000e\000l\000l}{section.6}% 41
\BOOKMARK [2][-]{subsection.6.3}{\376\377\000Q\000u\000e\000s\000t\000\343\000o\000\040\0003\0005\000\040\000-\000\040\000I\000F\000S\000P\000\040\0002\0000\0001\0007\000\040\000-\000\040\000C\000a\000r\000g\000a\000\040\000n\000o\000\040\000c\000a\000p\000a\000c\000i\000t\000o\000r}{section.6}% 42
\BOOKMARK [2][-]{subsection.6.4}{\376\377\000Q\000u\000e\000s\000t\000\343\000o\000\040\0004\0009\000\040\000-\000\040\000C\000a\000m\000p\000o\000\040\000e\000l\000\351\000t\000r\000i\000c\000o\000\040\000i\000n\000d\000u\000z\000i\000d\000o\000\040\000p\000o\000r\000\040\000u\000m\000a\000\040\000o\000n\000d\000a\000\040\000e\000l\000e\000t\000r\000o\000m\000a\000g\000n\000\351\000t\000i\000c\000a}{section.6}% 43
\BOOKMARK [2][-]{subsection.6.5}{\376\377\000Q\000u\000e\000s\000t\000\343\000o\000\040\0005\0000\000\040\000-\000\040\000L\000e\000i\000\040\000d\000e\000\040\000G\000a\000u\000s\000s\000\040\000p\000a\000r\000a\000\040\000d\000i\000e\000l\000\351\000t\000r\000i\000c\000o\000s\000\040\000h\000o\000m\000o\000g\000\352\000n\000e\000o\000s}{section.6}% 44
\BOOKMARK [2][-]{subsection.6.6}{\376\377\000Q\000u\000e\000s\000t\000\343\000o\000\040\0002\0007\000\040\000-\000\040\000L\000e\000i\000\040\000d\000e\000\040\000F\000a\000r\000a\000d\000a\000y\000/\000L\000e\000i\000\040\000d\000e\000\040\000O\000h\000m}{section.6}% 45
\BOOKMARK [2][-]{subsection.6.7}{\376\377\000Q\000u\000e\000s\000t\000\343\000o\000\040\0002\0007\000\040\000-\000\040\000I\000F\000F\000A\000R\000\040\0002\0000\0002\0003\000\040\000-\000\040\000L\000e\000i\000\040\000d\000e\000\040\000A\000m\000p\000\350\000r\000e}{section.6}% 46
\BOOKMARK [2][-]{subsection.6.8}{\376\377\000Q\000u\000e\000s\000t\000\343\000o\000\040\0004\0000\000\040\000-\000\040\000I\000F\000F\000A\000R\000\040\0002\0000\0002\0004\000\040\000-\000\040\000L\000e\000i\000\040\000d\000e\000\040\000A\000m\000p\000\350\000r\000e}{section.6}% 47
\BOOKMARK [2][-]{subsection.6.9}{\376\377\000Q\000u\000e\000s\000t\000\343\000o\000\040}{section.6}% 48
\BOOKMARK [2][-]{subsection.6.10}{\376\377\000Q\000u\000e\000s\000t\000\343\000o\000\040}{section.6}% 49
\BOOKMARK [2][-]{subsection.6.11}{\376\377\000Q\000u\000e\000s\000t\000\343\000o\000\040}{section.6}% 50
\BOOKMARK [1][-]{section.7}{\376\377\000\323\000p\000t\000i\000c\000a\000\040\000g\000e\000o\000m\000\351\000t\000r\000i\000c\000a}{}% 51
\BOOKMARK [2][-]{subsection.7.1}{\376\377\000Q\000u\000e\000s\000t\000\343\000o\000\040\000E\000n\000t\000r\000a\000d\000a\000\040\000d\000a\000\040\000F\000i\000b\000r\000a\000\040\000\323\000p\000t\000i\000c\000a\000\040\040\024\000\040\000L\000e\000i\000\040\000d\000e\000\040\000S\000n\000e\000l\000l}{section.7}% 52
\BOOKMARK [2][-]{subsection.7.2}{\376\377\000Q\000u\000e\000s\000t\000\343\000o\000\040\0002\0003\000\040\000-\000\040\000I\000F\000F\000A\000R\000\040\0002\0000\0002\0003\000\040\000-\000\040\000A\000s\000s\000o\000c\000i\000a\000\347\000\343\000o\000\040\000d\000e\000\040\000L\000e\000n\000t\000e\000s\000\040\000D\000e\000l\000g\000a\000d\000a\000s}{section.7}% 53
\BOOKMARK [2][-]{subsection.7.3}{\376\377\000Q\000u\000e\000s\000t\000\343\000o\000\040}{section.7}% 54
\BOOKMARK [1][-]{section.8}{\376\377\000I\000n\000t\000e\000r\000f\000e\000r\000\352\000n\000c\000i\000a\000\040\000e\000\040\000d\000i\000f\000r\000a\000\347\000\343\000o}{}% 55
\BOOKMARK [2][-]{subsection.8.1}{\376\377\000Q\000u\000e\000s\000t\000\343\000o\000\040\0004\0003\000\040\000-\000\040\000F\000i\000l\000m\000e\000s\000\040\000F\000i\000n\000o\000s}{section.8}% 56
\BOOKMARK [2][-]{subsection.8.2}{\376\377\000Q\000u\000e\000s\000t\000\343\000o\000\040\0004\0004\000\040\000-\000\040\000D\000i\000f\000r\000a\000\347\000\343\000o\000\040\000d\000e\000\040\000u\000m\000\040\000f\000e\000i\000x\000e\000\040\000d\000e\000\040\000l\000u\000z\000\040\000l\000a\000s\000e\000r}{section.8}% 57
\BOOKMARK [2][-]{subsection.8.3}{\376\377\000Q\000u\000e\000s\000t\000\343\000o\000\040\0004\0002\000\040\000-\000\040\000R\000e\000d\000e\000\040\000d\000e\000\040\000D\000i\000f\000r\000a\000\347\000\343\000o}{section.8}% 58
\BOOKMARK [2][-]{subsection.8.4}{\376\377\000Q\000u\000e\000s\000t\000\343\000o\000\040}{section.8}% 59
\BOOKMARK [1][-]{section.9}{\376\377\000R\000e\000l\000a\000t\000i\000v\000i\000d\000a\000d\000e\000\040\000r\000e\000s\000t\000r\000i\000t\000a}{}% 60
\BOOKMARK [2][-]{subsection.9.1}{\376\377\000Q\000u\000e\000s\000t\000\343\000o\000\040\0005\0001\000\040\000-\000\040\000L\000e\000i\000\040\000d\000e\000\040\000S\000t\000e\000f\000a\000n\040\023\000B\000o\000l\000t\000z\000m\000a\000n\000n}{section.9}% 61
\BOOKMARK [2][-]{subsection.9.2}{\376\377\000Q\000u\000e\000s\000t\000\343\000o\000\040\0005\0002\000\040\000-\000\040\000T\000e\000m\000p\000e\000r\000a\000t\000u\000r\000a\000\040\000d\000e\000\040\000u\000m\000\040\000c\000o\000r\000p\000o\000\040\000n\000e\000g\000r\000o\000\040\000u\000s\000a\000n\000d\000o\000\040\000a\000\040\000l\000e\000i\000\040\000d\000e\000\040\000W\000i\000e\000n}{section.9}% 62
\BOOKMARK [2][-]{subsection.9.3}{\376\377\000Q\000u\000e\000s\000t\000\343\000o\000\040\0005\0003\000\040\000-\000\040\000E\000f\000e\000i\000t\000o\000\040\000f\000o\000t\000o\000e\000l\000\351\000t\000r\000i\000c\000o}{section.9}% 63
\BOOKMARK [2][-]{subsection.9.4}{\376\377\000Q\000u\000e\000s\000t\000\343\000o\000\040\0005\0004\000\040\000-\000\040\000E\000f\000e\000i\000t\000o\000\040\000f\000o\000t\000o\000e\000l\000\351\000t\000r\000i\000c\000o}{section.9}% 64
\BOOKMARK [2][-]{subsection.9.5}{\376\377\000Q\000u\000e\000s\000t\000\343\000o\000\040\0005\0005\000\040\000-\000\040\000E\000f\000e\000i\000t\000o\000\040\000C\000o\000m\000p\000t\000o\000n}{section.9}% 65
\BOOKMARK [2][-]{subsection.9.6}{\376\377\000Q\000u\000e\000s\000t\000\343\000o\000\040\0005\0006\000\040\000-\000\040\000E\000f\000e\000i\000t\000o\000\040\000C\000o\000m\000p\000t\000o\000n}{section.9}% 66
\BOOKMARK [2][-]{subsection.9.7}{\376\377\000Q\000u\000e\000s\000t\000\343\000o\000\040\0005\0007\000\040\000-\000\040\000E\000n\000e\000r\000g\000i\000a\000\040\000t\000o\000t\000a\000l\000\040\000r\000e\000l\000a\000t\000i\000v\000\355\000s\000t\000i\000c\000a\000\040\000d\000o\000\040\000e\000l\000\351\000t\000r\000o\000n}{section.9}% 67
\BOOKMARK [2][-]{subsection.9.8}{\376\377\000Q\000u\000e\000s\000t\000\343\000o\000\040\0005\0008\000\040\000-\000\040\000R\000e\000l\000a\000t\000i\000v\000i\000d\000a\000d\000e\000\040\000d\000e\000\040\000u\000m\000a\000\040\000n\000a\000v\000e\000\040\000e\000s\000p\000a\000c\000i\000a\000l}{section.9}% 68
\BOOKMARK [2][-]{subsection.9.9}{\376\377\000Q\000u\000e\000s\000t\000\343\000o\000\040\0005\0009\000\040\000-\000\040\000R\000a\000d\000i\000o\000a\000t\000i\000v\000i\000d\000a\000d\000e}{section.9}% 69
\BOOKMARK [2][-]{subsection.9.10}{\376\377\000Q\000u\000e\000s\000t\000\343\000o\000\040\0006\0000\000\040\000-\000\040\000R\000a\000d\000i\000o\000a\000t\000i\000v\000i\000d\000a\000d\000e}{section.9}% 70
\BOOKMARK [2][-]{subsection.9.11}{\376\377\000Q\000u\000e\000s\000t\000\343\000o\000\040\000-\000\040\000I\000F\000F\000A\000R\000\040\0002\0000\0002\0003\000\040\000-\000\040\000E\000x\000p\000l\000o\000r\000a\000\347\000\343\000o\000\040\000E\000s\000p\000a\000c\000i\000a\000l\000\040\000e\000\040\000R\000e\000l\000a\000t\000i\000v\000i\000d\000a\000d\000e}{section.9}% 71
\BOOKMARK [2][-]{subsection.9.12}{\376\377\000Q\000u\000e\000s\000t\000\343\000o\000\040}{section.9}% 72
\BOOKMARK [1][-]{section.10}{\376\377\000M\000e\000c\000\342\000n\000i\000c\000a\000\040\000q\000u\000\342\000n\000t\000i\000c\000a\000\040\000e\000m\000\040\0003\000D\000\040\000e\000\040\000\341\000t\000o\000m\000o\000\040\000d\000e\000\040\000H\000i\000d\000r\000o\000g\000\352\000n\000i\000o}{}% 73
\BOOKMARK [2][-]{subsection.10.1}{\376\377\000u\000e\000s\000t\000\343\000o\000\040\0002\0005\000\040\000-\000I\000F\000S\000C\000\040\0002\0000\0002\0003\000\040\000-\000\040\000M\000e\000c\000\342\000n\000i\000c\000a\000\040\000Q\000u\000\342\000n\000t\000i\000c\000a}{section.10}% 74
\BOOKMARK [2][-]{subsection.10.2}{\376\377\000Q\000u\000e\000s\000t\000\343\000o\000\040\0002\0007\000\040\000-\000\040\000I\000F\000S\000C\000\040\0002\0000\0002\0003\000\040\000-\000\040\000M\000e\000c\000\342\000n\000i\000c\000a\000\040\000Q\000u\000\342\000n\000t\000i\000c\000a\000\040\000-\000\040\000P\000r\000o\000b\000a\000b\000i\000l\000i\000d\000a\000d\000e}{section.10}% 75
\BOOKMARK [2][-]{subsection.10.3}{\376\377\000Q\000u\000e\000s\000t\000\343\000o\000\040}{section.10}% 76
