\BOOKMARK [1][-]{section.1}{\376\377\000M\000e\000c\000\342\000n\000i\000c\000a}{}% 1
\BOOKMARK [2][-]{subsection.1.1}{\376\377\000Q\000u\000e\000s\000t\000\343\000o\000\040\0004\0001\000\040\040\024\000\040\000F\000o\000r\000\347\000a\000\040\000m\000\355\000n\000i\000m\000a\000\040\000p\000a\000r\000a\000\040\000i\000m\000i\000n\000\352\000n\000c\000i\000a\000\040\000d\000e\000\040\000m\000o\000v\000i\000m\000e\000n\000t\000o\000\040\000r\000a\000m\000p\000a\000\040\000a\000c\000i\000m\000a}{section.1}% 2
\BOOKMARK [2][-]{subsection.1.2}{\376\377\000Q\000u\000e\000s\000t\000\343\000o\000\040\0004\0002\000\040\040\024\000\040\000C\000i\000l\000i\000n\000d\000r\000o\000\040\000c\000o\000m\000\040\000a\000t\000r\000i\000t\000o}{section.1}% 3
\BOOKMARK [2][-]{subsection.1.3}{\376\377\000Q\000u\000e\000s\000t\000\343\000o\000\040\0004\0003\000\040\000-\000\040\000T\000r\000a\000b\000a\000l\000h\000o\000\040\000d\000e\000\040\000u\000m\000a\000\040\000f\000o\000r\000\347\000a\000\040\000d\000e\000\040\000r\000e\000s\000i\000s\000t\000\352\000n\000c\000i\000a}{section.1}% 4
\BOOKMARK [2][-]{subsection.1.4}{\376\377\000Q\000u\000e\000s\000t\000\343\000o\000\040\0004\0004\000\040\000-\000\040\000P\000\352\000n\000d\000u\000l\000o\000\040\000F\000\355\000s\000i\000c\000o}{section.1}% 5
\BOOKMARK [2][-]{subsection.1.5}{\376\377\000Q\000u\000e\000s\000t\000\343\000o\000\040\0004\0005\000\040\000-\000\040\000C\000o\000l\000i\000s\000\343\000o\000\040\000U\000n\000i\000d\000i\000m\000e\000n\000s\000i\000o\000n\000a\000l\000\040\000i\000n\000e\000l\000\341\000s\000t\000i\000c\000a}{section.1}% 6
\BOOKMARK [2][-]{subsection.1.6}{\376\377\000Q\000u\000e\000s\000t\000\343\000o\000\040\0004\0007\000\040\000-\000\040\000O\000s\000c\000i\000l\000a\000\347\000\365\000e\000s\000\040\000a\000c\000o\000p\000l\000a\000d\000a\000s}{section.1}% 7
\BOOKMARK [1][-]{section.2}{\376\377\000G\000r\000a\000v\000i\000t\000a\000\347\000\343\000o}{}% 8
\BOOKMARK [2][-]{subsection.2.1}{\376\377\000Q\000u\000e\000s\000t\000\343\000o\000\040\0004\0006\000\040\000-\000\040\000B\000a\000l\000a\000n\000\347\000a\000\040\000d\000e\000\040\000t\000o\000r\000\347\000\343\000o\000\040\000d\000e\000\040\000C\000a\000v\000e\000n\000d\000i\000s\000h}{section.2}% 9
\BOOKMARK [2][-]{subsection.2.2}{\376\377\000Q\000u\000e\000s\000t\000\343\000o\000\040\0004\0008\000\040\000-\000\040\000M\000\363\000d\000u\000l\000o\000\040\000d\000a\000\040\000v\000e\000l\000o\000c\000i\000d\000a\000d\000e\000\040\000d\000e\000\040\000u\000m\000\040\000s\000a\000t\000\351\000l\000i\000t\000e\000\040\000o\000r\000b\000i\000t\000a\000n\000d\000o\000\040\000a\000\040\000T\000e\000r\000r\000a}{section.2}% 10
\BOOKMARK [1][-]{section.3}{\376\377\000T\000e\000r\000m\000o\000d\000i\000n\000\342\000m\000i\000c\000a}{}% 11
\BOOKMARK [2][-]{subsection.3.1}{\376\377\000Q\000u\000e\000s\000t\000\343\000o\000\040\0004\0009\000\040\000-\000\040\000V\000a\000r\000i\000a\000\347\000\343\000o\000\040\000d\000e\000\040\000E\000n\000t\000r\000o\000p\000i\000a\000\040\000T\000o\000t\000a\000l}{section.3}% 12
\BOOKMARK [2][-]{subsection.3.2}{\376\377\000Q\000u\000e\000s\000t\000\343\000o\000\040\0005\0000\000\040\000-\000\040\000c\000i\000c\000l\000o\000\040\000t\000e\000r\000m\000o\000d\000i\000n\000\342\000m\000i\000c\000o\000:\000\040\000g\000\341\000s\000\040\000d\000e\000\040\000f\000\363\000t\000o\000n\000s}{section.3}% 13
\BOOKMARK [1][-]{section.4}{\376\377\000E\000l\000e\000t\000r\000o\000m\000a\000g\000n\000e\000t\000i\000s\000m\000o}{}% 14
\BOOKMARK [2][-]{subsection.4.1}{\376\377\000Q\000u\000e\000s\000t\000\343\000o\000\040\0005\0001\000\040\000-\000\040\000E\000q\000u\000a\000\347\000\365\000e\000s\000\040\000d\000e\000\040\000M\000a\000x\000w\000e\000l\000l\000\040\000n\000o\000\040\000V\000\341\000c\000u\000o}{section.4}% 15
\BOOKMARK [2][-]{subsection.4.2}{\376\377\000Q\000u\000e\000s\000t\000\343\000o\000\040\0005\0002\000\040\000-\000\040\000L\000e\000i\000\040\000d\000e\000\040\000G\000a\000u\000s\000s\000\040\000p\000a\000r\000a\000\040\000E\000l\000e\000t\000r\000i\000c\000i\000d\000a\000d\000e}{section.4}% 16
\BOOKMARK [2][-]{subsection.4.3}{\376\377\000Q\000u\000e\000s\000t\000\343\000o\000\040\0005\0003\000\040\000-\000\040\000L\000e\000i\000\040\000d\000e\000\040\000A\000m\000p\000\350\000r\000e}{section.4}% 17
\BOOKMARK [1][-]{section.5}{\376\377\000\323\000p\000t\000i\000c\000a\000\040\000G\000e\000o\000m\000\351\000t\000r\000i\000c\000a}{}% 18
\BOOKMARK [2][-]{subsection.5.1}{\376\377\000Q\000u\000e\000s\000t\000\343\000o\000\040\0005\0004\000\040\000-\000\040\000L\000e\000n\000t\000e\000\040\000C\000o\000n\000v\000e\000r\000g\000e\000n\000t\000e}{section.5}% 19
\BOOKMARK [1][-]{section.6}{\376\377\000I\000n\000t\000e\000r\000f\000e\000r\000\352\000n\000c\000i\000a\000\040\000e\000\040\000D\000i\000f\000r\000a\000\347\000\343\000o}{}% 20
\BOOKMARK [2][-]{subsection.6.1}{\376\377\000Q\000u\000e\000s\000t\000\343\000o\000\040\0005\0005\000\040\000-\000\040\000F\000i\000b\000r\000a\000s\000\040\000\323\000p\000t\000i\000c\000a\000s}{section.6}% 21
\BOOKMARK [2][-]{subsection.6.2}{\376\377\000Q\000u\000e\000s\000t\000\343\000o\000\040\0005\0007\000\040\000-\000\040\000I\000n\000t\000e\000r\000f\000e\000r\000\352\000n\000c\000i\000a\000\040\000d\000a\000\040\000L\000u\000z}{section.6}% 22
\BOOKMARK [1][-]{section.7}{\376\377\000R\000e\000l\000a\000t\000i\000v\000i\000d\000a\000d\000e}{}% 23
\BOOKMARK [2][-]{subsection.7.1}{\376\377\000Q\000u\000e\000s\000t\000\343\000o\000\040\0005\0006\000\040\000-\000\040\000T\000r\000a\000n\000s\000f\000o\000r\000m\000a\000\347\000\343\000o\000\040\000d\000e\000\040\000L\000o\000r\000e\000n\000t\000z}{section.7}% 24
\BOOKMARK [2][-]{subsection.7.2}{\376\377\000Q\000u\000e\000s\000t\000\343\000o\000\040\0005\0008\000\040\000-\000\040\000E\000n\000e\000r\000g\000i\000a\000-\000M\000o\000m\000e\000n\000t\000o\000\040\000R\000e\000l\000a\000t\000i\000v\000\355\000s\000t\000i\000c\000a}{section.7}% 25
\BOOKMARK [1][-]{section.8}{\376\377\000M\000e\000c\000\342\000n\000i\000c\000a\000\040\000q\000u\000\342\000n\000t\000i\000c\000a\000\040\000e\000m\000\040\000t\000r\000\352\000s\000\040\000d\000i\000m\000e\000n\000s\000\365\000e\000s\000\040\000e\000\040\000\341\000t\000o\000m\000o\000\040\000d\000e\000\040\000H\000i\000d\000r\000o\000g\000\352\000n\000i\000o}{}% 26
\BOOKMARK [2][-]{subsection.8.1}{\376\377\000Q\000u\000e\000s\000t\000\343\000o\000\040\0005\0009\000\040\000-\000\040\000M\000o\000d\000e\000l\000o\000\040\000d\000e\000\040\000B\000o\000h\000r\000\040\000p\000a\000r\000a\000\040\000p\000o\000s\000i\000t\000r\000\364\000n\000i\000o}{section.8}% 27
\BOOKMARK [2][-]{subsection.8.2}{\376\377\000Q\000u\000e\000s\000t\000\343\000o\000\040\0006\0000\000\040\000-\000\040\000\301\000t\000o\000m\000o\000\040\000d\000e\000\040\000H\000i\000d\000r\000o\000g\000\352\000n\000i\000o}{section.8}% 28
